<?xml version="1.0" encoding="UTF-8"?>
<!-- Generated by org.testng.reporters.JUnitXMLReporter -->
<testsuite hostname="PC" name="Default test" tests="1" failures="1" timestamp="1 Apr 2021 15:32:47 GMT" time="109.295" errors="0">
  <testcase name="tc" time="95.548" classname="excute.TC01">
    <failure type="java.lang.AssertionError" message="Qua thoi gian nhung khong thay hoac thay doi tuong Given xpath expression &amp;quot;[[FirefoxDriver: firefox on WINDOWS (51b5f2d7-59f9-4db2-9110-23abbda714bc)] -&amp;gt; xpath: //*[text()=&amp;apos;Apple iPhone 11 A2111 64/128/256GB Unlocked Brand New&amp;apos;]/../..//div[1][@class=&amp;apos;s-item__detail s-item__detail--primary&amp;apos;]/span]&amp;quot; is invalid: SyntaxError: The expression is not a legal expression.
For documentation on this error, please visit: https://www.seleniumhq.org/exceptions/invalid_selector_exception.html
Build info: version: &amp;apos;3.141.59&amp;apos;, revision: &amp;apos;e82be7d358&amp;apos;, time: &amp;apos;2018-11-14T08:17:03&amp;apos;
System info: host: &amp;apos;PC&amp;apos;, ip: &amp;apos;192.168.52.101&amp;apos;, os.name: &amp;apos;Windows 7&amp;apos;, os.arch: &amp;apos;amd64&amp;apos;, os.version: &amp;apos;6.1&amp;apos;, java.version: &amp;apos;1.8.0_251&amp;apos;
Driver info: org.openqa.selenium.firefox.FirefoxDriver
Capabilities {acceptInsecureCerts: true, browserName: firefox, browserVersion: 87.0, javascriptEnabled: true, moz:accessibilityChecks: false, moz:buildID: 20210318103112, moz:geckodriverVersion: 0.27.0, moz:headless: false, moz:processID: 2668, moz:profile: C:\Users\BAO\AppData\Local\..., moz:shutdownTimeout: 60000, moz:useNonSpecCompliantPointerOrigin: false, moz:webdriverClick: true, pageLoadStrategy: normal, platform: WINDOWS, platformName: WINDOWS, platformVersion: 6.1, rotatable: false, setWindowRect: true, strictFileInteractability: false, timeouts: {implicit: 0, pageLoad: 300000, script: 30000}, unhandledPromptBehavior: dismiss and notify}
Session ID: 51b5f2d7-59f9-4db2-9110-23abbda714bc
*** Element info: {Using=xpath, value=[[FirefoxDriver: firefox on WINDOWS (51b5f2d7-59f9-4db2-9110-23abbda714bc)] -&amp;gt; xpath: //*[text()=&amp;apos;Apple iPhone 11 A2111 64/128/256GB Unlocked Brand New&amp;apos;]/../..//div[1][@class=&amp;apos;s-item__detail s-item__detail--primary&amp;apos;]/span]}">
      <![CDATA[java.lang.AssertionError: Qua thoi gian nhung khong thay hoac thay doi tuong Given xpath expression "[[FirefoxDriver: firefox on WINDOWS (51b5f2d7-59f9-4db2-9110-23abbda714bc)] -> xpath: //*[text()='Apple iPhone 11 A2111 64/128/256GB Unlocked Brand New']/../..//div[1][@class='s-item__detail s-item__detail--primary']/span]" is invalid: SyntaxError: The expression is not a legal expression.
For documentation on this error, please visit: https://www.seleniumhq.org/exceptions/invalid_selector_exception.html
Build info: version: '3.141.59', revision: 'e82be7d358', time: '2018-11-14T08:17:03'
System info: host: 'PC', ip: '192.168.52.101', os.name: 'Windows 7', os.arch: 'amd64', os.version: '6.1', java.version: '1.8.0_251'
Driver info: org.openqa.selenium.firefox.FirefoxDriver
Capabilities {acceptInsecureCerts: true, browserName: firefox, browserVersion: 87.0, javascriptEnabled: true, moz:accessibilityChecks: false, moz:buildID: 20210318103112, moz:geckodriverVersion: 0.27.0, moz:headless: false, moz:processID: 2668, moz:profile: C:\Users\BAO\AppData\Local\..., moz:shutdownTimeout: 60000, moz:useNonSpecCompliantPointerOrigin: false, moz:webdriverClick: true, pageLoadStrategy: normal, platform: WINDOWS, platformName: WINDOWS, platformVersion: 6.1, rotatable: false, setWindowRect: true, strictFileInteractability: false, timeouts: {implicit: 0, pageLoad: 300000, script: 30000}, unhandledPromptBehavior: dismiss and notify}
Session ID: 51b5f2d7-59f9-4db2-9110-23abbda714bc
*** Element info: {Using=xpath, value=[[FirefoxDriver: firefox on WINDOWS (51b5f2d7-59f9-4db2-9110-23abbda714bc)] -> xpath: //*[text()='Apple iPhone 11 A2111 64/128/256GB Unlocked Brand New']/../..//div[1][@class='s-item__detail s-item__detail--primary']/span]}
	at org.testng.Assert.fail(Assert.java:94)
	at common.CommonBase.checkCycling(CommonBase.java:367)
	at common.CommonBase.getDisplayedElement(CommonBase.java:262)
	at common.CommonBase.getDisplayedElement(CommonBase.java:264)
	at common.CommonBase.getDisplayedElement(CommonBase.java:264)
	at common.CommonBase.getDisplayedElement(CommonBase.java:264)
	at common.CommonBase.getDisplayedElement(CommonBase.java:264)
	at common.CommonBase.getDisplayedElement(CommonBase.java:264)
	at common.CommonBase.getDisplayedElement(CommonBase.java:264)
	at common.CommonBase.getDisplayedElement(CommonBase.java:264)
	at common.CommonBase.getDisplayedElement(CommonBase.java:264)
	at common.CommonBase.getDisplayedElement(CommonBase.java:264)
	at common.CommonBase.getDisplayedElement(CommonBase.java:264)
	at common.CommonBase.getDisplayedElement(CommonBase.java:264)
	at common.CommonBase.getDisplayedElement(CommonBase.java:264)
	at common.CommonBase.getDisplayedElement(CommonBase.java:264)
	at common.CommonBase.getDisplayedElement(CommonBase.java:264)
	at common.CommonBase.getDisplayedElement(CommonBase.java:264)
	at common.CommonBase.getDisplayedElement(CommonBase.java:264)
	at common.CommonBase.getDisplayedElement(CommonBase.java:264)
	at common.CommonBase.getDisplayedElement(CommonBase.java:264)
	at common.CommonBase.getDisplayedElement(CommonBase.java:264)
	at common.CommonBase.getDisplayedElement(CommonBase.java:264)
	at common.CommonBase.getDisplayedElement(CommonBase.java:264)
	at common.CommonBase.getDisplayedElement(CommonBase.java:264)
	at common.CommonBase.getDisplayedElement(CommonBase.java:264)
	at common.CommonBase.getDisplayedElement(CommonBase.java:264)
	at common.CommonBase.getDisplayedElement(CommonBase.java:264)
	at common.CommonBase.getDisplayedElement(CommonBase.java:264)
	at common.CommonBase.getDisplayedElement(CommonBase.java:264)
	at common.CommonBase.getDisplayedElement(CommonBase.java:264)
	at common.CommonBase.getDisplayedElement(CommonBase.java:264)
	at common.CommonBase.getDisplayedElement(CommonBase.java:264)
	at common.CommonBase.getDisplayedElement(CommonBase.java:264)
	at common.CommonBase.getDisplayedElement(CommonBase.java:264)
	at common.CommonBase.getDisplayedElement(CommonBase.java:264)
	at common.CommonBase.getDisplayedElement(CommonBase.java:264)
	at common.CommonBase.getDisplayedElement(CommonBase.java:264)
	at common.CommonBase.getDisplayedElement(CommonBase.java:264)
	at common.CommonBase.getDisplayedElement(CommonBase.java:264)
	at common.CommonBase.getDisplayedElement(CommonBase.java:264)
	at common.CommonBase.getDisplayedElement(CommonBase.java:264)
	at common.CommonBase.getDisplayedElement(CommonBase.java:264)
	at common.CommonBase.getDisplayedElement(CommonBase.java:264)
	at common.CommonBase.getDisplayedElement(CommonBase.java:264)
	at common.CommonBase.getDisplayedElement(CommonBase.java:264)
	at common.CommonBase.getDisplayedElement(CommonBase.java:264)
	at common.CommonBase.getDisplayedElement(CommonBase.java:264)
	at common.CommonBase.getDisplayedElement(CommonBase.java:264)
	at common.CommonBase.getDisplayedElement(CommonBase.java:264)
	at common.CommonBase.getDisplayedElement(CommonBase.java:264)
	at common.CommonBase.getDisplayedElement(CommonBase.java:264)
	at common.CommonBase.getDisplayedElement(CommonBase.java:264)
	at common.CommonBase.getDisplayedElement(CommonBase.java:264)
	at common.CommonBase.getDisplayedElement(CommonBase.java:264)
	at common.CommonBase.getDisplayedElement(CommonBase.java:264)
	at common.CommonBase.getDisplayedElement(CommonBase.java:264)
	at common.CommonBase.getDisplayedElement(CommonBase.java:264)
	at common.CommonBase.getDisplayedElement(CommonBase.java:264)
	at common.CommonBase.getDisplayedElement(CommonBase.java:264)
	at common.CommonBase.getDisplayedElement(CommonBase.java:264)
	at common.CommonBase.getDisplayedElement(CommonBase.java:264)
	at common.CommonBase.getDisplayedElement(CommonBase.java:264)
	at common.CommonBase.getDisplayedElement(CommonBase.java:264)
	at common.CommonBase.getElementPresent(CommonBase.java:389)
	at common.CommonBase.getText(CommonBase.java:719)
	at excute.TC01.tc(TC01.java:51)
	at sun.reflect.NativeMethodAccessorImpl.invoke0(Native Method)
	at sun.reflect.NativeMethodAccessorImpl.invoke(Unknown Source)
	at sun.reflect.DelegatingMethodAccessorImpl.invoke(Unknown Source)
	at java.lang.reflect.Method.invoke(Unknown Source)
	at org.testng.internal.MethodInvocationHelper.invokeMethod(MethodInvocationHelper.java:86)
	at org.testng.internal.Invoker.invokeMethod(Invoker.java:643)
	at org.testng.internal.Invoker.invokeTestMethod(Invoker.java:820)
	at org.testng.internal.Invoker.invokeTestMethods(Invoker.java:1128)
	at org.testng.internal.TestMethodWorker.invokeTestMethods(TestMethodWorker.java:129)
	at org.testng.internal.TestMethodWorker.run(TestMethodWorker.java:112)
	at org.testng.TestRunner.privateRun(TestRunner.java:782)
	at org.testng.TestRunner.run(TestRunner.java:632)
	at org.testng.SuiteRunner.runTest(SuiteRunner.java:366)
	at org.testng.SuiteRunner.runSequentially(SuiteRunner.java:361)
	at org.testng.SuiteRunner.privateRun(SuiteRunner.java:319)
	at org.testng.SuiteRunner.run(SuiteRunner.java:268)
	at org.testng.SuiteRunnerWorker.runSuite(SuiteRunnerWorker.java:52)
	at org.testng.SuiteRunnerWorker.run(SuiteRunnerWorker.java:86)
	at org.testng.TestNG.runSuitesSequentially(TestNG.java:1244)
	at org.testng.TestNG.runSuitesLocally(TestNG.java:1169)
	at org.testng.TestNG.run(TestNG.java:1064)
	at org.testng.remote.AbstractRemoteTestNG.run(AbstractRemoteTestNG.java:115)
	at org.testng.remote.RemoteTestNG.initAndRun(RemoteTestNG.java:251)
	at org.testng.remote.RemoteTestNG.main(RemoteTestNG.java:77)
]]>
    </failure>
  </testcase> <!-- tc -->
</testsuite> <!-- Default test -->
